<?xml version="1.0" encoding="UTF-8"?>
<!-- Generated by org.testng.reporters.JUnitReportReporter -->
<testsuite hostname="recep-mbp" failures="0" tests="1" name="com.herokuapp.theinternet.NegativeTests" time="15.715" errors="0" timestamp="01 Nis 2019 06:13:33 GMT" skipped="0">
  <testcase classname="com.herokuapp.theinternet.NegativeTests" name="incorrectPasswordTest" time="15.715"/>
</testsuite> <!-- com.herokuapp.theinternet.NegativeTests -->
