<?xml version="1.0" encoding="UTF-8"?>
<!-- Generated by org.testng.reporters.JUnitReportReporter -->
<testsuite hostname="recep-mbp" failures="0" tests="1" name="com.herokuapp.theinternet.PositiveTests" time="13.580" errors="0" timestamp="31 Mar 2019 18:50:43 GMT" skipped="0">
  <testcase classname="com.herokuapp.theinternet.PositiveTests" name="Test" time="13.580"/>
</testsuite> <!-- com.herokuapp.theinternet.PositiveTests -->
