<?xml version="1.0" encoding="UTF-8"?>
<!-- Generated by org.testng.reporters.JUnitReportReporter -->
<testsuite hostname="recep-mbp" failures="0" tests="2" name="com.herokuapp.theinternet.NegativeTests" time="25.184" errors="0" timestamp="30 Mar 2019 19:06:56 GMT" skipped="0">
  <testcase classname="com.herokuapp.theinternet.NegativeTests" name="incorrectUsernameTest" time="12.253"/>
  <testcase classname="com.herokuapp.theinternet.NegativeTests" name="incorrectPasswordTest" time="12.931"/>
</testsuite> <!-- com.herokuapp.theinternet.NegativeTests -->
