<?xml version="1.0" encoding="UTF-8"?>
<!-- Generated by org.testng.reporters.JUnitReportReporter -->
<testsuite hostname="recep-mbp" failures="0" tests="1" name="com.herokuapp.theinternet.PositiveTests" time="13.352" errors="0" timestamp="30 Mar 2019 19:01:18 GMT" skipped="0">
  <testcase classname="com.herokuapp.theinternet.PositiveTests" name="logInTest" time="13.352"/>
</testsuite> <!-- com.herokuapp.theinternet.PositiveTests -->
