<?xml version="1.0" encoding="UTF-8"?>
<!-- Generated by org.testng.reporters.JUnitReportReporter -->
<testsuite hostname="recep-mbp" failures="0" tests="1" name="com.herokuapp.theinternet.PositiveTests" time="13.297" errors="0" timestamp="01 Nis 2019 11:51:55 GMT" skipped="0">
  <testcase classname="com.herokuapp.theinternet.PositiveTests" name="Test" time="13.297"/>
</testsuite> <!-- com.herokuapp.theinternet.PositiveTests -->
