<?xml version="1.0" encoding="UTF-8"?>
<!-- Generated by org.testng.reporters.JUnitReportReporter -->
<testsuite hostname="recep-mbp" failures="0" tests="2" name="com.herokuapp.theinternet.NegativeTests" time="26.759" errors="0" timestamp="01 Nis 2019 11:51:55 GMT" skipped="0">
  <testcase classname="com.herokuapp.theinternet.NegativeTests" name="incorrectUsernameTest" time="12.304"/>
  <testcase classname="com.herokuapp.theinternet.NegativeTests" name="incorrectPasswordTest" time="14.455"/>
</testsuite> <!-- com.herokuapp.theinternet.NegativeTests -->
